<?xml version="1.0" encoding="UTF-8"?>
<!-- Generated by org.testng.reporters.JUnitXMLReporter -->
<testsuite ignored="0" hostname="LAPTOP-JKEDK31S" failures="3" tests="3" name="Test" time="21.698" errors="0" timestamp="2021-08-24T18:25:09 IST">
  <testcase classname="TestCases.HomePageTest" name="adminTabTest" time="0.025">
    <failure type="java.lang.NullPointerException">
      <![CDATA[java.lang.NullPointerException
at org.openqa.selenium.support.pagefactory.DefaultElementLocator.findElement(DefaultElementLocator.java:69)
at org.openqa.selenium.support.pagefactory.internal.LocatingElementHandler.invoke(LocatingElementHandler.java:38)
at com.sun.proxy.$Proxy12.sendKeys(Unknown Source)
at BasePage.LoginPage.login(LoginPage.java:31)
at TestCases.HomePageTest.adminTabTest(HomePageTest.java:15)
at java.base/java.util.ArrayList.forEach(ArrayList.java:1507)
... Removed 27 stack frames]]>
    </failure>
  </testcase> <!-- adminTabTest -->
  <testcase classname="TestCases.LoginPageTest" name="verifyLogo" time="0.005">
    <failure type="java.lang.NullPointerException">
      <![CDATA[java.lang.NullPointerException
at TestCases.LoginPageTest.verifyLogo(LoginPageTest.java:17)
at java.base/java.util.ArrayList.forEach(ArrayList.java:1507)
... Removed 27 stack frames]]>
    </failure>
  </testcase> <!-- verifyLogo -->
  <testcase classname="TestCases.LoginPageTest" name="loginTest" time="0.002">
    <failure type="java.lang.NullPointerException">
      <![CDATA[java.lang.NullPointerException
at TestCases.LoginPageTest.loginTest(LoginPageTest.java:24)
at java.base/java.util.ArrayList.forEach(ArrayList.java:1507)
... Removed 27 stack frames]]>
    </failure>
  </testcase> <!-- loginTest -->
</testsuite> <!-- Test -->
